[DEBUG] cond.core.add_meta(): Adding metacondition ("remove_blank_inst") with priority 1000!
[DEBUG] cond.core.add_meta(): Adding metacondition ("fix_catapult_targets") with priority 0!
[DEBUG] cond.core.add_meta(): Adding metacondition ("gen_item_outputs") with priority -250!
[DEBUG] cond.core.add_meta(): Adding metacondition ("associate_faith_plates") with priority -900!
[DEBUG] cond.core.add_meta(): Adding metacondition ("mon_camera_link") with priority -275!
[DEBUG] cond.core.add_meta(): Adding metacondition ("generate_fizzlers") with priority 500!
[DEBUG] cond.core.add_meta(): Adding metacondition ("link_cubes") with priority -750!
[DEBUG] cond.core.add_meta(): Adding metacondition ("generate_cubes") with priority 750!
[DEBUG] cond.core.add_meta(): Adding metacondition ("add_voice") with priority 100!
[DEBUG] cond.core.add_meta(): Adding metacondition ("anti_fizz_bump") with priority 200!
[DEBUG] cond.core.add_meta(): Adding metacondition ("set_player_model") with priority 400!
[DEBUG] cond.core.add_meta(): Adding metacondition ("set_player_portalgun") with priority 500!
[DEBUG] cond.core.add_meta(): Adding metacondition ("add_screenshot_logic") with priority 750!
[DEBUG] cond.core.add_meta(): Adding metacondition ("add_fog_ents") with priority 100!
[DEBUG] cond.core.add_meta(): Adding metacondition ("set_elev_videos") with priority 50!
[DEBUG] cond.core.add_meta(): Adding metacondition ("set_barrier_frame_type") with priority -50!
[INFO] vbsp.main(): BEE2 v VBSP hook initiallised.
[DEBUG] cond.core.import_conditions(): Importing conditions.brushes ...
[DEBUG] cond.core.import_conditions(): Importing conditions.sendificator ...
[DEBUG] cond.core.import_conditions(): Importing conditions.instances ...
[DEBUG] cond.core.import_conditions(): Importing conditions.signage ...
[DEBUG] cond.core.import_conditions(): Importing conditions.addInstance ...
[DEBUG] cond.core.import_conditions(): Importing conditions.entities ...
[DEBUG] cond.core.import_conditions(): Importing conditions.removed ...
[DEBUG] cond.core.import_conditions(): Importing conditions.apTag ...
[DEBUG] cond.core.add_meta(): Adding metacondition ("ap_tag_modifications") with priority 200!
[DEBUG] cond.core.import_conditions(): Importing conditions.glass ...
[DEBUG] cond.core.import_conditions(): Importing conditions.piston_platform ...
[DEBUG] cond.core.import_conditions(): Importing conditions.conveyorBelt ...
[DEBUG] cond.core.import_conditions(): Importing conditions.python ...
[DEBUG] cond.core.import_conditions(): Importing conditions.custItems ...
[DEBUG] cond.core.import_conditions(): Importing conditions.fizzler ...
[DEBUG] cond.core.import_conditions(): Importing conditions.cutoutTile ...
[DEBUG] cond.core.import_conditions(): Importing conditions.positioning ...
[DEBUG] cond.core.import_conditions(): Importing conditions.scaffold ...
[DEBUG] cond.core.import_conditions(): Importing conditions.randomise ...
[DEBUG] cond.core.import_conditions(): Importing conditions.monitor ...
[DEBUG] cond.core.import_conditions(): Importing conditions.antlaser ...
[DEBUG] cond.core.import_conditions(): Importing conditions.catwalks ...
[DEBUG] cond.core.import_conditions(): Importing conditions.trackPlat ...
[DEBUG] cond.core.import_conditions(): Importing conditions.logical ...
[DEBUG] cond.core.import_conditions(): Importing conditions.resizableTrigger ...
[DEBUG] cond.core.import_conditions(): Importing conditions.globals ...
[DEBUG] cond.core.import_conditions(): Importing conditions.faithplate ...
[DEBUG] cond.core.import_conditions(): Importing conditions.connections ...
[DEBUG] cond.core.import_conditions(): Importing conditions.vactubes ...
[DEBUG] cond.core.add_meta(): Adding metacondition ("vactube_gen") with priority 400!
[INFO] cond.core.import_conditions(): Imported all conditions modules!
[INFO] vbsp.main(): No arguments!
 | The BEE2 VBSP takes all the regular VBSP's arguments, with some extra arguments:
 | -dump_conditions: Print a list of all condition flags,
 |   results, and metaconditions.
 | -bee2_verbose: Print debug messages to the console.
 | -verbose: A default VBSP command, has the same effect as above.
 | -force_peti: Force enabling map conversion. 
 | -force_hammer: Don't convert the map at all.
 | -entity_limit: A default VBSP command, this is inspected todetermine if the map is PeTI or not.
 |___

